[2025-10-28 15:47:25] WoWsBot 启动 - 固定模板版本
[2025-10-28 15:47:25] [DEBUG] templates folder exists: G:\autogame\WOWS_BOT\templates
[2025-10-28 15:47:25] 按 f8 切换启动/停止，按 f9 强制退出
[2025-10-28 15:47:44] [HOTKEY] 运行状态切换为：运行中
[2025-10-28 15:47:44] [FATAL] 未处理异常: module 'utils' has no attribute 'to_gray'
[2025-10-28 15:52:31] WoWsBot 启动 - 固定模板版本
[2025-10-28 15:52:31] [DEBUG] templates folder exists: G:\autogame\WOWS_BOT\templates
[2025-10-28 15:52:31] 按 f8 切换启动/停止，按 f9 强制退出
[2025-10-28 15:52:37] [HOTKEY] 运行状态切换为：运行中
[2025-10-28 15:52:38] [DEBUG] detect_state values: {'port': 0.9964988231658936, 'port_disabled': 0.9922373294830322, 'queue': 0.6454617381095886, 'score': 0.5448188185691833, 'minimap': 0.3638732433319092, 'auto_nav': 0.4263085722923279, 'victory': 0.291679322719574, 'defeat': 0.291679322719574, 'back': 0.5591872930526733}
[2025-10-28 15:52:38] State change: None -> PORT | info={'port': 0.9964988231658936, 'port_disabled': 0.9922373294830322, 'queue': 0.6454617381095886, 'score': 0.5448188185691833, 'minimap': 0.3638732433319092, 'auto_nav': 0.4263085722923279, 'victory': 0.291679322719574, 'defeat': 0.291679322719574, 'back': 0.5591872930526733}
[2025-10-28 15:52:38] [MAIN] 在港口 - 尝试点击加入战斗
[2025-10-28 15:52:38] [FATAL] 未处理异常: name 'cv2' is not defined
[2025-10-28 15:54:31] WoWsBot 启动 - 固定模板版本
[2025-10-28 15:54:31] [DEBUG] templates folder exists: G:\autogame\WOWS_BOT\templates
[2025-10-28 15:54:31] 按 f8 切换启动/停止，按 f9 强制退出
[2025-10-28 15:54:34] [HOTKEY] 运行状态切换为：运行中
[2025-10-28 15:54:35] [DEBUG] detect_state values: {'port': 0.9964954257011414, 'port_disabled': 0.992238461971283, 'queue': 0.6453635096549988, 'score': 0.5110986232757568, 'minimap': 0.36286553740501404, 'auto_nav': 0.4263012111186981, 'victory': 0.291679710149765, 'defeat': 0.291679710149765, 'back': 0.5238311886787415}
[2025-10-28 15:54:35] State change: None -> PORT | info={'port': 0.9964954257011414, 'port_disabled': 0.992238461971283, 'queue': 0.6453635096549988, 'score': 0.5110986232757568, 'minimap': 0.36286553740501404, 'auto_nav': 0.4263012111186981, 'victory': 0.291679710149765, 'defeat': 0.291679710149765, 'back': 0.5238311886787415}
[2025-10-28 15:54:35] [MAIN] 在港口 - 尝试点击加入战斗
[2025-10-28 15:54:35] [DEBUG] safe_click_screen_abs (968,73)
[2025-10-28 15:54:37] [DEBUG] [ACTION] 点击后确认结果: True
[2025-10-28 15:54:38] [DEBUG] detect_state values: {'port': 0.546769917011261, 'port_disabled': 0.5668350458145142, 'queue': 0.999671459197998, 'score': 0.38922807574272156, 'minimap': 0.453526109457016, 'auto_nav': 0.3765292167663574, 'victory': 0.26348480582237244, 'defeat': 0.26348480582237244, 'back': 0.6651581525802612}
[2025-10-28 15:54:38] State change: PORT -> QUEUE | info={'port': 0.546769917011261, 'port_disabled': 0.5668350458145142, 'queue': 0.999671459197998, 'score': 0.38922807574272156, 'minimap': 0.453526109457016, 'auto_nav': 0.3765292167663574, 'victory': 0.26348480582237244, 'defeat': 0.26348480582237244, 'back': 0.6651581525802612}
[2025-10-28 15:54:38] [MAIN] 匹配中 - 等待进入战斗
[2025-10-28 15:54:42] [DEBUG] detect_state values: {'port': 0.5467697978019714, 'port_disabled': 0.5668371915817261, 'queue': 0.9996700882911682, 'score': 0.38923218846321106, 'minimap': 0.45352643728256226, 'auto_nav': 0.3765292167663574, 'victory': 0.24440795183181763, 'defeat': 0.24440795183181763, 'back': 0.6651588678359985}
[2025-10-28 15:54:42] [MAIN] 匹配中 - 等待进入战斗
[2025-10-28 15:54:46] [DEBUG] detect_state values: {'port': 0.5467697978019714, 'port_disabled': 0.5668371915817261, 'queue': 0.9996700882911682, 'score': 0.38923218846321106, 'minimap': 0.45352643728256226, 'auto_nav': 0.3765292167663574, 'victory': 0.26131972670555115, 'defeat': 0.26131972670555115, 'back': 0.6651588678359985}
[2025-10-28 15:54:46] [MAIN] 匹配中 - 等待进入战斗
[2025-10-28 15:54:50] [DEBUG] detect_state values: {'port': 0.45444199442863464, 'port_disabled': 0.4577029049396515, 'queue': 0.593727171421051, 'score': 0.38923218846321106, 'minimap': 0.453526109457016, 'auto_nav': 0.3765292167663574, 'victory': 0.24440887570381165, 'defeat': 0.24440887570381165, 'back': 0.5506561398506165}
[2025-10-28 15:54:50] State change: QUEUE -> UNKNOWN | info={'port': 0.45444199442863464, 'port_disabled': 0.4577029049396515, 'queue': 0.593727171421051, 'score': 0.38923218846321106, 'minimap': 0.453526109457016, 'auto_nav': 0.3765292167663574, 'victory': 0.24440887570381165, 'defeat': 0.24440887570381165, 'back': 0.5506561398506165}
[2025-10-28 15:54:50] [DEBUG] [MAIN] 未识别状态，继续检测
[2025-10-28 15:54:52] [DEBUG] detect_state values: {'port': 0.4544391930103302, 'port_disabled': 0.4577029049396515, 'queue': 0.593727171421051, 'score': 0.38922807574272156, 'minimap': 0.4535267651081085, 'auto_nav': 0.3765292167663574, 'victory': 0.24440887570381165, 'defeat': 0.24440887570381165, 'back': 0.5506561398506165}
[2025-10-28 15:54:52] [DEBUG] [MAIN] 未识别状态，继续检测
[2025-10-28 15:54:53] [DEBUG] detect_state values: {'port': 0.4544335603713989, 'port_disabled': 0.4577029049396515, 'queue': 0.5937265753746033, 'score': 0.38922396302223206, 'minimap': 0.4535267651081085, 'auto_nav': 0.3765292167663574, 'victory': 0.24440978467464447, 'defeat': 0.24440978467464447, 'back': 0.5506561398506165}
[2025-10-28 15:54:53] [DEBUG] [MAIN] 未识别状态，继续检测
[2025-10-28 15:54:55] [DEBUG] detect_state values: {'port': 0.45444199442863464, 'port_disabled': 0.4577029049396515, 'queue': 0.5938444137573242, 'score': 0.38923218846321106, 'minimap': 0.453526109457016, 'auto_nav': 0.3765292167663574, 'victory': 0.24440887570381165, 'defeat': 0.24440887570381165, 'back': 0.5506561398506165}
[2025-10-28 15:54:55] [DEBUG] [MAIN] 未识别状态，继续检测
[2025-10-28 15:54:57] [DEBUG] detect_state values: {'port': 0.45444199442863464, 'port_disabled': 0.4577029049396515, 'queue': 0.5938445329666138, 'score': 0.38923218846321106, 'minimap': 0.453526109457016, 'auto_nav': 0.3765292167663574, 'victory': 0.24440978467464447, 'defeat': 0.24440978467464447, 'back': 0.5506561398506165}
[2025-10-28 15:54:57] [DEBUG] [MAIN] 未识别状态，继续检测
[2025-10-28 15:54:59] [DEBUG] detect_state values: {'port': 0.4544391930103302, 'port_disabled': 0.45769697427749634, 'queue': 0.5937274098396301, 'score': 0.38923218846321106, 'minimap': 0.453526109457016, 'auto_nav': 0.3765292167663574, 'victory': 0.24440795183181763, 'defeat': 0.24440795183181763, 'back': 0.5506561398506165}
[2025-10-28 15:54:59] [DEBUG] [MAIN] 未识别状态，继续检测
[2025-10-28 15:55:01] [DEBUG] detect_state values: {'port': 0.4544391930103302, 'port_disabled': 0.45769697427749634, 'queue': 0.5937268733978271, 'score': 0.38922396302223206, 'minimap': 0.453526109457016, 'auto_nav': 0.3765292167663574, 'victory': 0.24440887570381165, 'defeat': 0.24440887570381165, 'back': 0.5506561398506165}
[2025-10-28 15:55:01] [DEBUG] [MAIN] 未识别状态，继续检测
[2025-10-28 15:55:03] [DEBUG] detect_state values: {'port': 0.4888741374015808, 'port_disabled': 0.4668601155281067, 'queue': 0.5636904239654541, 'score': 0.39754340052604675, 'minimap': 0.4453009366989136, 'auto_nav': 0.3759427070617676, 'victory': 0.26102834939956665, 'defeat': 0.26102834939956665, 'back': 0.5581753253936768}
[2025-10-28 15:55:03] [DEBUG] [MAIN] 未识别状态，继续检测
[2025-10-28 15:55:05] [DEBUG] detect_state values: {'port': 0.4888501763343811, 'port_disabled': 0.466837614774704, 'queue': 0.5537179112434387, 'score': 0.3975399434566498, 'minimap': 0.4453003406524658, 'auto_nav': 0.3759427070617676, 'victory': 0.26102694869041443, 'defeat': 0.26102694869041443, 'back': 0.693658709526062}
[2025-10-28 15:55:05] [DEBUG] [MAIN] 未识别状态，继续检测
[2025-10-28 15:55:06] [DEBUG] detect_state values: {'port': 0.4888756573200226, 'port_disabled': 0.4668591320514679, 'queue': 0.5612790584564209, 'score': 0.39754340052604675, 'minimap': 0.4453009366989136, 'auto_nav': 0.3759427070617676, 'victory': 0.26102694869041443, 'defeat': 0.26102694869041443, 'back': 0.7277349233627319}
[2025-10-28 15:55:06] [DEBUG] [MAIN] 未识别状态，继续检测
[2025-10-28 15:55:08] [DEBUG] detect_state values: {'port': 0.4888512194156647, 'port_disabled': 0.466837614774704, 'queue': 0.561276912689209, 'score': 0.3975399434566498, 'minimap': 0.4453003406524658, 'auto_nav': 0.3759427070617676, 'victory': 0.2610255479812622, 'defeat': 0.2610255479812622, 'back': 0.7277349233627319}
[2025-10-28 15:55:08] [DEBUG] [MAIN] 未识别状态，继续检测
[2025-10-28 15:55:10] [DEBUG] detect_state values: {'port': 0.4888506829738617, 'port_disabled': 0.466837614774704, 'queue': 0.561276912689209, 'score': 0.3975399434566498, 'minimap': 0.4453003406524658, 'auto_nav': 0.3759427070617676, 'victory': 0.2610255479812622, 'defeat': 0.2610255479812622, 'back': 0.7277362942695618}
[2025-10-28 15:55:10] [DEBUG] [MAIN] 未识别状态，继续检测
[2025-10-28 15:55:12] [DEBUG] detect_state values: {'port': 0.4888501763343811, 'port_disabled': 0.466837614774704, 'queue': 0.561276912689209, 'score': 0.3975399434566498, 'minimap': 0.4453003406524658, 'auto_nav': 0.3759427070617676, 'victory': 0.2610255479812622, 'defeat': 0.2610255479812622, 'back': 0.7277349233627319}
[2025-10-28 15:55:12] [DEBUG] [MAIN] 未识别状态，继续检测
[2025-10-28 15:55:13] [DEBUG] detect_state values: {'port': 0.4888746738433838, 'port_disabled': 0.4668579399585724, 'queue': 0.5612806081771851, 'score': 0.39754340052604675, 'minimap': 0.4453009366989136, 'auto_nav': 0.3759427070617676, 'victory': 0.26103124022483826, 'defeat': 0.26103124022483826, 'back': 0.7277576923370361}
[2025-10-28 15:55:14] [DEBUG] [MAIN] 未识别状态，继续检测
[2025-10-28 15:55:15] [DEBUG] detect_state values: {'port': 0.4888501763343811, 'port_disabled': 0.466837614774704, 'queue': 0.561276912689209, 'score': 0.3975399434566498, 'minimap': 0.4453003406524658, 'auto_nav': 0.3759427070617676, 'victory': 0.2610255479812622, 'defeat': 0.2610255479812622, 'back': 0.7277349233627319}
[2025-10-28 15:55:15] [DEBUG] [MAIN] 未识别状态，继续检测
[2025-10-28 15:55:17] [DEBUG] detect_state values: {'port': 0.4888506829738617, 'port_disabled': 0.466837614774704, 'queue': 0.561276912689209, 'score': 0.3975399434566498, 'minimap': 0.4453003406524658, 'auto_nav': 0.3759427070617676, 'victory': 0.2610255479812622, 'defeat': 0.2610255479812622, 'back': 0.7277349233627319}
[2025-10-28 15:55:17] [DEBUG] [MAIN] 未识别状态，继续检测
[2025-10-28 15:55:19] [DEBUG] detect_state values: {'port': 0.4888501763343811, 'port_disabled': 0.466836541891098, 'queue': 0.561276912689209, 'score': 0.3975399434566498, 'minimap': 0.4453003406524658, 'auto_nav': 0.3759427070617676, 'victory': 0.26102694869041443, 'defeat': 0.26102694869041443, 'back': 0.7277349233627319}
[2025-10-28 15:55:19] [DEBUG] [MAIN] 未识别状态，继续检测
[2025-10-28 15:55:21] [DEBUG] detect_state values: {'port': 0.4888758063316345, 'port_disabled': 0.4668615758419037, 'queue': 0.561279833316803, 'score': 0.39754340052604675, 'minimap': 0.4453003406524658, 'auto_nav': 0.3759427070617676, 'victory': 0.26102834939956665, 'defeat': 0.26102834939956665, 'back': 0.7277355790138245}
[2025-10-28 15:55:21] [DEBUG] [MAIN] 未识别状态，继续检测
[2025-10-28 15:55:22] [DEBUG] detect_state values: {'port': 0.4888496398925781, 'port_disabled': 0.466837614774704, 'queue': 0.561276912689209, 'score': 0.3975399434566498, 'minimap': 0.4453003406524658, 'auto_nav': 0.3759427070617676, 'victory': 0.26102694869041443, 'defeat': 0.26102694869041443, 'back': 0.7277349233627319}
[2025-10-28 15:55:22] [DEBUG] [MAIN] 未识别状态，继续检测
[2025-10-28 15:55:24] [DEBUG] detect_state values: {'port': 0.4888751804828644, 'port_disabled': 0.46686121821403503, 'queue': 0.5612790584564209, 'score': 0.3975399434566498, 'minimap': 0.4453009366989136, 'auto_nav': 0.3759427070617676, 'victory': 0.26102834939956665, 'defeat': 0.26102834939956665, 'back': 0.7277421355247498}
[2025-10-28 15:55:24] [DEBUG] [MAIN] 未识别状态，继续检测
[2025-10-28 15:55:26] [DEBUG] detect_state values: {'port': 0.4888506829738617, 'port_disabled': 0.466837614774704, 'queue': 0.561276912689209, 'score': 0.3975399434566498, 'minimap': 0.4453003406524658, 'auto_nav': 0.3759427070617676, 'victory': 0.26102694869041443, 'defeat': 0.26102694869041443, 'back': 0.7277349233627319}
[2025-10-28 15:55:26] [DEBUG] [MAIN] 未识别状态，继续检测
[2025-10-28 15:55:28] [DEBUG] detect_state values: {'port': 0.4888501763343811, 'port_disabled': 0.466837614774704, 'queue': 0.561274528503418, 'score': 0.3975399434566498, 'minimap': 0.4453003406524658, 'auto_nav': 0.3759427070617676, 'victory': 0.26102834939956665, 'defeat': 0.26102834939956665, 'back': 0.7277349233627319}
[2025-10-28 15:55:28] [DEBUG] [MAIN] 未识别状态，继续检测
[2025-10-28 15:55:30] [DEBUG] detect_state values: {'port': 0.488878458738327, 'port_disabled': 0.4668635427951813, 'queue': 0.561278223991394, 'score': 0.39754340052604675, 'minimap': 0.4453009366989136, 'auto_nav': 0.3759427070617676, 'victory': 0.26102694869041443, 'defeat': 0.26102694869041443, 'back': 0.7277362942695618}
[2025-10-28 15:55:30] [DEBUG] [MAIN] 未识别状态，继续检测
[2025-10-28 15:55:31] [DEBUG] detect_state values: {'port': 0.4446663558483124, 'port_disabled': 0.44758397340774536, 'queue': 0.5966430306434631, 'score': 0.5868123769760132, 'minimap': 0.4452035427093506, 'auto_nav': 0.38675156235694885, 'victory': 0.28053370118141174, 'defeat': 0.28053370118141174, 'back': 0.606805682182312}
[2025-10-28 15:55:31] [DEBUG] [MAIN] 未识别状态，继续检测
[2025-10-28 15:55:33] [DEBUG] detect_state values: {'port': 0.4445955157279968, 'port_disabled': 0.44745728373527527, 'queue': 0.5967983603477478, 'score': 0.5985636115074158, 'minimap': 0.4435043931007385, 'auto_nav': 0.3868967890739441, 'victory': 0.28098613023757935, 'defeat': 0.28098613023757935, 'back': 0.6070336103439331}
[2025-10-28 15:55:33] [DEBUG] [MAIN] 未识别状态，继续检测
[2025-10-28 15:55:35] [DEBUG] detect_state values: {'port': 0.44506949186325073, 'port_disabled': 0.44781965017318726, 'queue': 0.5972962975502014, 'score': 0.5930049419403076, 'minimap': 0.44209781289100647, 'auto_nav': 0.4784788489341736, 'victory': 0.28092294931411743, 'defeat': 0.28092294931411743, 'back': 0.6062654256820679}
[2025-10-28 15:55:35] [DEBUG] [MAIN] 未识别状态，继续检测
[2025-10-28 15:55:37] [DEBUG] detect_state values: {'port': 0.4442092776298523, 'port_disabled': 0.446912944316864, 'queue': 0.5972027778625488, 'score': 0.596733033657074, 'minimap': 0.44203925132751465, 'auto_nav': 0.47723352909088135, 'victory': 0.28073492646217346, 'defeat': 0.28073492646217346, 'back': 0.6062555909156799}
[2025-10-28 15:55:37] [DEBUG] [MAIN] 未识别状态，继续检测
[2025-10-28 15:55:39] [DEBUG] detect_state values: {'port': 0.44426530599594116, 'port_disabled': 0.4473857879638672, 'queue': 0.5966715216636658, 'score': 0.5932047367095947, 'minimap': 0.4422723054885864, 'auto_nav': 0.5858598947525024, 'victory': 0.28086769580841064, 'defeat': 0.28086769580841064, 'back': 0.606206476688385}
[2025-10-28 15:55:39] [DEBUG] [MAIN] 未识别状态，继续检测
[2025-10-28 15:55:40] [DEBUG] detect_state values: {'port': 0.4441360533237457, 'port_disabled': 0.4470858871936798, 'queue': 0.5971595644950867, 'score': 0.5982485413551331, 'minimap': 0.4421388506889343, 'auto_nav': 0.5353466868400574, 'victory': 0.2809171974658966, 'defeat': 0.2809171974658966, 'back': 0.606286883354187}
[2025-10-28 15:55:40] [DEBUG] [MAIN] 未识别状态，继续检测
[2025-10-28 15:55:42] [DEBUG] detect_state values: {'port': 0.4504529535770416, 'port_disabled': 0.44411471486091614, 'queue': 0.5552241802215576, 'score': 0.44900965690612793, 'minimap': 0.36619481444358826, 'auto_nav': 0.42076337337493896, 'victory': 0.22985516488552094, 'defeat': 0.22985516488552094, 'back': 0.5343058109283447}
[2025-10-28 15:55:42] [DEBUG] [MAIN] 未识别状态，继续检测
[2025-10-28 15:55:44] [DEBUG] detect_state values: {'port': 0.4554632902145386, 'port_disabled': 0.45128893852233887, 'queue': 0.5809047222137451, 'score': 0.5225521326065063, 'minimap': 0.3576233386993408, 'auto_nav': 0.6303992867469788, 'victory': 0.2594231963157654, 'defeat': 0.2594231963157654, 'back': 0.557483971118927}
[2025-10-28 15:55:44] [DEBUG] [MAIN] 未识别状态，继续检测
[2025-10-28 15:55:46] [DEBUG] detect_state values: {'port': 0.4551781713962555, 'port_disabled': 0.4513310194015503, 'queue': 0.5815189480781555, 'score': 0.5230451822280884, 'minimap': 0.35666996240615845, 'auto_nav': 0.647576093673706, 'victory': 0.24278485774993896, 'defeat': 0.24278485774993896, 'back': 0.556791365146637}
[2025-10-28 15:55:46] [DEBUG] [MAIN] 未识别状态，继续检测
[2025-10-28 15:55:48] [DEBUG] detect_state values: {'port': 0.4563947916030884, 'port_disabled': 0.45256152749061584, 'queue': 0.581680417060852, 'score': 0.5228495001792908, 'minimap': 0.35676252841949463, 'auto_nav': 0.7005334496498108, 'victory': 0.23053954541683197, 'defeat': 0.23053954541683197, 'back': 0.5575636625289917}
[2025-10-28 15:55:48] [DEBUG] [MAIN] 未识别状态，继续检测
[2025-10-28 15:55:50] [DEBUG] detect_state values: {'port': 0.45653390884399414, 'port_disabled': 0.45222365856170654, 'queue': 0.5803576111793518, 'score': 0.5224313735961914, 'minimap': 0.3566684126853943, 'auto_nav': 0.633858859539032, 'victory': 0.24013525247573853, 'defeat': 0.24013525247573853, 'back': 0.556984543800354}
[2025-10-28 15:55:50] [DEBUG] [MAIN] 未识别状态，继续检测
[2025-10-28 15:55:52] [DEBUG] detect_state values: {'port': 0.45641499757766724, 'port_disabled': 0.45257824659347534, 'queue': 0.581684947013855, 'score': 0.5228852033615112, 'minimap': 0.35628750920295715, 'auto_nav': 0.6989148259162903, 'victory': 0.23076659440994263, 'defeat': 0.23076659440994263, 'back': 0.55758136510849}
[2025-10-28 15:55:52] [DEBUG] [MAIN] 未识别状态，继续检测
[2025-10-28 15:55:53] [DEBUG] detect_state values: {'port': 0.4564831256866455, 'port_disabled': 0.4522075951099396, 'queue': 0.581256091594696, 'score': 0.5223295092582703, 'minimap': 0.3570488393306732, 'auto_nav': 0.6375402808189392, 'victory': 0.2451484501361847, 'defeat': 0.2451484501361847, 'back': 0.5617461800575256}
[2025-10-28 15:55:53] [DEBUG] [MAIN] 未识别状态，继续检测
[2025-10-28 15:55:55] [DEBUG] detect_state values: {'port': 0.4563429653644562, 'port_disabled': 0.4526968002319336, 'queue': 0.5820759534835815, 'score': 0.5237661600112915, 'minimap': 0.35667872428894043, 'auto_nav': 0.6117631793022156, 'victory': 0.2371567189693451, 'defeat': 0.2371567189693451, 'back': 0.5574668049812317}
[2025-10-28 15:55:55] [DEBUG] [MAIN] 未识别状态，继续检测
[2025-10-28 15:55:57] [DEBUG] detect_state values: {'port': 0.4562656283378601, 'port_disabled': 0.45221787691116333, 'queue': 0.5810420513153076, 'score': 0.5227371454238892, 'minimap': 0.35702183842658997, 'auto_nav': 0.6761904954910278, 'victory': 0.26027435064315796, 'defeat': 0.26027435064315796, 'back': 0.5567048192024231}
[2025-10-28 15:55:57] [DEBUG] [MAIN] 未识别状态，继续检测
[2025-10-28 15:55:59] [DEBUG] detect_state values: {'port': 0.4562971889972687, 'port_disabled': 0.45193490386009216, 'queue': 0.5803541541099548, 'score': 0.5223435163497925, 'minimap': 0.3568003475666046, 'auto_nav': 0.6102491021156311, 'victory': 0.28290271759033203, 'defeat': 0.28290271759033203, 'back': 0.561306357383728}
[2025-10-28 15:55:59] [DEBUG] [MAIN] 未识别状态，继续检测
[2025-10-28 15:56:01] [DEBUG] detect_state values: {'port': 0.445468544960022, 'port_disabled': 0.4357510209083557, 'queue': 0.6667990684509277, 'score': 0.3411746621131897, 'minimap': 0.39880067110061646, 'auto_nav': 0.8151863217353821, 'victory': 0.22603407502174377, 'defeat': 0.22603407502174377, 'back': 0.5781546235084534}
[2025-10-28 15:56:01] State change: UNKNOWN -> BATTLE | info={'port': 0.445468544960022, 'port_disabled': 0.4357510209083557, 'queue': 0.6667990684509277, 'score': 0.3411746621131897, 'minimap': 0.39880067110061646, 'auto_nav': 0.8151863217353821, 'victory': 0.22603407502174377, 'defeat': 0.22603407502174377, 'back': 0.5781546235084534}
[2025-10-28 15:56:01] [MAIN] 战斗中 - 确保自动导航
[2025-10-28 15:56:01] [DEBUG] [NAV] 自动导航已启用
[2025-10-28 15:56:05] [DEBUG] detect_state values: {'port': 0.44231560826301575, 'port_disabled': 0.4434402883052826, 'queue': 0.5950872898101807, 'score': 0.532526433467865, 'minimap': 0.36379095911979675, 'auto_nav': 0.7608792781829834, 'victory': 0.2379915863275528, 'defeat': 0.2379915863275528, 'back': 0.568999171257019}
[2025-10-28 15:56:05] [MAIN] 战斗中 - 确保自动导航
[2025-10-28 15:56:06] [DEBUG] safe_click_screen_abs (971,585)
[2025-10-28 15:56:11] [DEBUG] detect_state values: {'port': 0.44545385241508484, 'port_disabled': 0.4357483386993408, 'queue': 0.6665300726890564, 'score': 0.3454250991344452, 'minimap': 0.4076858162879944, 'auto_nav': 0.956489086151123, 'victory': 0.24338406324386597, 'defeat': 0.24338406324386597, 'back': 0.5758700966835022}
[2025-10-28 15:56:11] [MAIN] 战斗中 - 确保自动导航
[2025-10-28 15:56:11] [DEBUG] [NAV] 自动导航已启用
[2025-10-28 15:56:15] [DEBUG] detect_state values: {'port': 0.44551271200180054, 'port_disabled': 0.435781866312027, 'queue': 0.6665476560592651, 'score': 0.3454868495464325, 'minimap': 0.4073207974433899, 'auto_nav': 0.9564685225486755, 'victory': 0.22518008947372437, 'defeat': 0.22518008947372437, 'back': 0.5758660435676575}
[2025-10-28 15:56:15] [MAIN] 战斗中 - 确保自动导航
[2025-10-28 15:56:15] [DEBUG] [NAV] 自动导航已启用
[2025-10-28 15:56:19] [DEBUG] detect_state values: {'port': 0.44398272037506104, 'port_disabled': 0.4446650743484497, 'queue': 0.5907852649688721, 'score': 0.5522717237472534, 'minimap': 0.3630395829677582, 'auto_nav': 0.7312310934066772, 'victory': 0.2651427984237671, 'defeat': 0.2651427984237671, 'back': 0.5674821138381958}
[2025-10-28 15:56:19] State change: BATTLE -> UNKNOWN | info={'port': 0.44398272037506104, 'port_disabled': 0.4446650743484497, 'queue': 0.5907852649688721, 'score': 0.5522717237472534, 'minimap': 0.3630395829677582, 'auto_nav': 0.7312310934066772, 'victory': 0.2651427984237671, 'defeat': 0.2651427984237671, 'back': 0.5674821138381958}
[2025-10-28 15:56:19] [DEBUG] [MAIN] 未识别状态，继续检测
[2025-10-28 15:56:21] [DEBUG] detect_state values: {'port': 0.44197696447372437, 'port_disabled': 0.4423912465572357, 'queue': 0.5947268009185791, 'score': 0.5724750757217407, 'minimap': 0.3630760908126831, 'auto_nav': 0.7552499771118164, 'victory': 0.23785348236560822, 'defeat': 0.23785348236560822, 'back': 0.5697444677352905}
[2025-10-28 15:56:21] State change: UNKNOWN -> BATTLE | info={'port': 0.44197696447372437, 'port_disabled': 0.4423912465572357, 'queue': 0.5947268009185791, 'score': 0.5724750757217407, 'minimap': 0.3630760908126831, 'auto_nav': 0.7552499771118164, 'victory': 0.23785348236560822, 'defeat': 0.23785348236560822, 'back': 0.5697444677352905}
[2025-10-28 15:56:21] [MAIN] 战斗中 - 确保自动导航
[2025-10-28 15:56:22] [DEBUG] safe_click_screen_abs (971,585)
[2025-10-28 15:56:27] [DEBUG] detect_state values: {'port': 0.44192537665367126, 'port_disabled': 0.4422045350074768, 'queue': 0.5953090190887451, 'score': 0.5560241341590881, 'minimap': 0.36429786682128906, 'auto_nav': 0.7071866393089294, 'victory': 0.23810018599033356, 'defeat': 0.23810018599033356, 'back': 0.5692955851554871}
[2025-10-28 15:56:27] State change: BATTLE -> UNKNOWN | info={'port': 0.44192537665367126, 'port_disabled': 0.4422045350074768, 'queue': 0.5953090190887451, 'score': 0.5560241341590881, 'minimap': 0.36429786682128906, 'auto_nav': 0.7071866393089294, 'victory': 0.23810018599033356, 'defeat': 0.23810018599033356, 'back': 0.5692955851554871}
[2025-10-28 15:56:27] [DEBUG] [MAIN] 未识别状态，继续检测
[2025-10-28 15:56:29] [DEBUG] detect_state values: {'port': 0.44147759675979614, 'port_disabled': 0.4427826702594757, 'queue': 0.5949923992156982, 'score': 0.5643420815467834, 'minimap': 0.36395731568336487, 'auto_nav': 0.747359037399292, 'victory': 0.23818917572498322, 'defeat': 0.23818917572498322, 'back': 0.5690260529518127}
[2025-10-28 15:56:29] [DEBUG] [MAIN] 未识别状态，继续检测
[2025-10-28 15:56:31] [DEBUG] detect_state values: {'port': 0.4415888488292694, 'port_disabled': 0.4421547055244446, 'queue': 0.5947617292404175, 'score': 0.5462433099746704, 'minimap': 0.3647916913032532, 'auto_nav': 0.7022974491119385, 'victory': 0.23764066398143768, 'defeat': 0.23764066398143768, 'back': 0.5695223808288574}
[2025-10-28 15:56:31] [DEBUG] [MAIN] 未识别状态，继续检测
[2025-10-28 15:56:32] [DEBUG] detect_state values: {'port': 0.4420385956764221, 'port_disabled': 0.4421633780002594, 'queue': 0.5947616696357727, 'score': 0.5585297346115112, 'minimap': 0.3647335171699524, 'auto_nav': 0.8808696866035461, 'victory': 0.2378782331943512, 'defeat': 0.2378782331943512, 'back': 0.5695992112159729}
[2025-10-28 15:56:32] State change: UNKNOWN -> BATTLE | info={'port': 0.4420385956764221, 'port_disabled': 0.4421633780002594, 'queue': 0.5947616696357727, 'score': 0.5585297346115112, 'minimap': 0.3647335171699524, 'auto_nav': 0.8808696866035461, 'victory': 0.2378782331943512, 'defeat': 0.2378782331943512, 'back': 0.5695992112159729}
[2025-10-28 15:56:32] [MAIN] 战斗中 - 确保自动导航
[2025-10-28 15:56:33] [DEBUG] [NAV] 自动导航已启用
[2025-10-28 15:56:36] [DEBUG] detect_state values: {'port': 0.4445166289806366, 'port_disabled': 0.44767096638679504, 'queue': 0.5946360230445862, 'score': 0.5847842693328857, 'minimap': 0.3854101002216339, 'auto_nav': 0.8118063807487488, 'victory': 0.28260061144828796, 'defeat': 0.28260061144828796, 'back': 0.6019339561462402}
[2025-10-28 15:56:36] [MAIN] 战斗中 - 确保自动导航
[2025-10-28 15:56:37] [DEBUG] [NAV] 自动导航已启用
[2025-10-28 15:56:40] [DEBUG] detect_state values: {'port': 0.4447234272956848, 'port_disabled': 0.4479176700115204, 'queue': 0.595216691493988, 'score': 0.5653660893440247, 'minimap': 0.376723974943161, 'auto_nav': 0.6505333781242371, 'victory': 0.2824828624725342, 'defeat': 0.2824828624725342, 'back': 0.60174560546875}
[2025-10-28 15:56:40] State change: BATTLE -> UNKNOWN | info={'port': 0.4447234272956848, 'port_disabled': 0.4479176700115204, 'queue': 0.595216691493988, 'score': 0.5653660893440247, 'minimap': 0.376723974943161, 'auto_nav': 0.6505333781242371, 'victory': 0.2824828624725342, 'defeat': 0.2824828624725342, 'back': 0.60174560546875}
[2025-10-28 15:56:40] [DEBUG] [MAIN] 未识别状态，继续检测
[2025-10-28 15:56:42] [DEBUG] detect_state values: {'port': 0.44378650188446045, 'port_disabled': 0.44682031869888306, 'queue': 0.5942503809928894, 'score': 0.5837956666946411, 'minimap': 0.3783426582813263, 'auto_nav': 0.6459996700286865, 'victory': 0.28274476528167725, 'defeat': 0.28274476528167725, 'back': 0.6017658114433289}
[2025-10-28 15:56:42] [DEBUG] [MAIN] 未识别状态，继续检测
[2025-10-28 15:56:44] [DEBUG] detect_state values: {'port': 0.4436241090297699, 'port_disabled': 0.4464913010597229, 'queue': 0.5940314531326294, 'score': 0.550809383392334, 'minimap': 0.37726151943206787, 'auto_nav': 0.7772507071495056, 'victory': 0.28279775381088257, 'defeat': 0.28279775381088257, 'back': 0.6016719341278076}
[2025-10-28 15:56:44] State change: UNKNOWN -> BATTLE | info={'port': 0.4436241090297699, 'port_disabled': 0.4464913010597229, 'queue': 0.5940314531326294, 'score': 0.550809383392334, 'minimap': 0.37726151943206787, 'auto_nav': 0.7772507071495056, 'victory': 0.28279775381088257, 'defeat': 0.28279775381088257, 'back': 0.6016719341278076}
[2025-10-28 15:56:44] [MAIN] 战斗中 - 确保自动导航
[2025-10-28 15:56:45] [DEBUG] safe_click_screen_abs (971,585)
[2025-10-28 15:56:50] [DEBUG] detect_state values: {'port': 0.4460604190826416, 'port_disabled': 0.4458628296852112, 'queue': 0.5935189127922058, 'score': 0.5762343406677246, 'minimap': 0.38185369968414307, 'auto_nav': 0.7658135890960693, 'victory': 0.2798870801925659, 'defeat': 0.2798870801925659, 'back': 0.5991742014884949}
[2025-10-28 15:56:50] [MAIN] 战斗中 - 确保自动导航
[2025-10-28 15:56:51] [DEBUG] safe_click_screen_abs (971,585)
[2025-10-28 15:56:56] [DEBUG] detect_state values: {'port': 0.44493725895881653, 'port_disabled': 0.4458892047405243, 'queue': 0.5937519073486328, 'score': 0.5636347532272339, 'minimap': 0.3833165764808655, 'auto_nav': 0.7181879878044128, 'victory': 0.27980485558509827, 'defeat': 0.27980485558509827, 'back': 0.5992917418479919}
[2025-10-28 15:56:56] State change: BATTLE -> UNKNOWN | info={'port': 0.44493725895881653, 'port_disabled': 0.4458892047405243, 'queue': 0.5937519073486328, 'score': 0.5636347532272339, 'minimap': 0.3833165764808655, 'auto_nav': 0.7181879878044128, 'victory': 0.27980485558509827, 'defeat': 0.27980485558509827, 'back': 0.5992917418479919}
[2025-10-28 15:56:56] [DEBUG] [MAIN] 未识别状态，继续检测
[2025-10-28 15:56:58] [DEBUG] detect_state values: {'port': 0.44517603516578674, 'port_disabled': 0.4454854726791382, 'queue': 0.5939212441444397, 'score': 0.554697573184967, 'minimap': 0.38837286829948425, 'auto_nav': 0.7275170683860779, 'victory': 0.2799172103404999, 'defeat': 0.2799172103404999, 'back': 0.5993727445602417}
[2025-10-28 15:56:58] [DEBUG] [MAIN] 未识别状态，继续检测
[2025-10-28 15:57:00] [DEBUG] detect_state values: {'port': 0.4452247619628906, 'port_disabled': 0.44484516978263855, 'queue': 0.593471109867096, 'score': 0.5788674354553223, 'minimap': 0.3925802707672119, 'auto_nav': 0.6987833380699158, 'victory': 0.27970653772354126, 'defeat': 0.27970653772354126, 'back': 0.5991926789283752}
[2025-10-28 15:57:00] [DEBUG] [MAIN] 未识别状态，继续检测
[2025-10-28 15:57:01] [DEBUG] detect_state values: {'port': 0.44511380791664124, 'port_disabled': 0.44478458166122437, 'queue': 0.5935320258140564, 'score': 0.5766910910606384, 'minimap': 0.3987918496131897, 'auto_nav': 0.7604526877403259, 'victory': 0.2797289788722992, 'defeat': 0.2797289788722992, 'back': 0.5991895794868469}
[2025-10-28 15:57:01] State change: UNKNOWN -> BATTLE | info={'port': 0.44511380791664124, 'port_disabled': 0.44478458166122437, 'queue': 0.5935320258140564, 'score': 0.5766910910606384, 'minimap': 0.3987918496131897, 'auto_nav': 0.7604526877403259, 'victory': 0.2797289788722992, 'defeat': 0.2797289788722992, 'back': 0.5991895794868469}
[2025-10-28 15:57:01] [MAIN] 战斗中 - 确保自动导航
[2025-10-28 15:57:03] [DEBUG] safe_click_screen_abs (971,585)
[2025-10-28 15:57:07] [DEBUG] detect_state values: {'port': 0.44659438729286194, 'port_disabled': 0.44567105174064636, 'queue': 0.5933302044868469, 'score': 0.5676153302192688, 'minimap': 0.39992475509643555, 'auto_nav': 0.7699641585350037, 'victory': 0.2801305055618286, 'defeat': 0.2801305055618286, 'back': 0.5993419885635376}
[2025-10-28 15:57:07] [MAIN] 战斗中 - 确保自动导航
[2025-10-28 15:57:08] [DEBUG] [NAV] 自动导航已启用
[2025-10-28 15:57:11] [DEBUG] detect_state values: {'port': 0.44499528408050537, 'port_disabled': 0.4461696743965149, 'queue': 0.5938829183578491, 'score': 0.5641111135482788, 'minimap': 0.38926199078559875, 'auto_nav': 0.7289831638336182, 'victory': 0.27973419427871704, 'defeat': 0.27973419427871704, 'back': 0.5992652773857117}
[2025-10-28 15:57:11] State change: BATTLE -> UNKNOWN | info={'port': 0.44499528408050537, 'port_disabled': 0.4461696743965149, 'queue': 0.5938829183578491, 'score': 0.5641111135482788, 'minimap': 0.38926199078559875, 'auto_nav': 0.7289831638336182, 'victory': 0.27973419427871704, 'defeat': 0.27973419427871704, 'back': 0.5992652773857117}
[2025-10-28 15:57:11] [DEBUG] [MAIN] 未识别状态，继续检测
[2025-10-28 15:57:13] [DEBUG] detect_state values: {'port': 0.4448462128639221, 'port_disabled': 0.4460822343826294, 'queue': 0.5938748121261597, 'score': 0.5636828541755676, 'minimap': 0.39397168159484863, 'auto_nav': 0.7352017760276794, 'victory': 0.279616117477417, 'defeat': 0.279616117477417, 'back': 0.5993114113807678}
[2025-10-28 15:57:13] [DEBUG] [MAIN] 未识别状态，继续检测
[2025-10-28 15:57:15] [DEBUG] detect_state values: {'port': 0.44543132185935974, 'port_disabled': 0.44632789492607117, 'queue': 0.5939642786979675, 'score': 0.538188099861145, 'minimap': 0.3930121660232544, 'auto_nav': 0.7356755137443542, 'victory': 0.27996620535850525, 'defeat': 0.27996620535850525, 'back': 0.59926438331604}
[2025-10-28 15:57:15] [DEBUG] [MAIN] 未识别状态，继续检测
[2025-10-28 15:57:17] [DEBUG] detect_state values: {'port': 0.44542396068573, 'port_disabled': 0.44548851251602173, 'queue': 0.593005359172821, 'score': 0.5478571653366089, 'minimap': 0.39528805017471313, 'auto_nav': 0.688605785369873, 'victory': 0.28021058440208435, 'defeat': 0.28021058440208435, 'back': 0.5998575687408447}
[2025-10-28 15:57:17] [DEBUG] [MAIN] 未识别状态，继续检测
[2025-10-28 15:57:17] [HOTKEY] 运行状态切换为：已暂停
[2025-10-28 15:58:14] [HOTKEY] 运行状态切换为：运行中
[2025-10-28 15:58:15] [DEBUG] detect_state values: {'port': 0.42211219668388367, 'port_disabled': 0.40083014965057373, 'queue': 0.5892524719238281, 'score': 0.9926968216896057, 'minimap': 0.42279425263404846, 'auto_nav': 0.6605942845344543, 'victory': 0.26096001267433167, 'defeat': 0.26096001267433167, 'back': 0.6120200157165527}
[2025-10-28 15:58:15] [DEBUG] [MAIN] 未识别状态，继续检测
[2025-10-28 15:58:17] [DEBUG] detect_state values: {'port': 0.4058772623538971, 'port_disabled': 0.4009493291378021, 'queue': 0.5892674326896667, 'score': 0.9929652810096741, 'minimap': 0.43383726477622986, 'auto_nav': 0.646074116230011, 'victory': 0.2607673406600952, 'defeat': 0.2607673406600952, 'back': 0.6116461753845215}
[2025-10-28 15:58:17] [DEBUG] [MAIN] 未识别状态，继续检测
[2025-10-28 15:58:18] [DEBUG] detect_state values: {'port': 0.39663180708885193, 'port_disabled': 0.4015941917896271, 'queue': 0.5890666842460632, 'score': 0.9927999377250671, 'minimap': 0.4358736574649811, 'auto_nav': 0.6704680919647217, 'victory': 0.26065200567245483, 'defeat': 0.26065200567245483, 'back': 0.6116981506347656}
[2025-10-28 15:58:18] [DEBUG] [MAIN] 未识别状态，继续检测
[2025-10-28 15:58:20] [DEBUG] detect_state values: {'port': 0.3968777060508728, 'port_disabled': 0.40075019001960754, 'queue': 0.589067816734314, 'score': 0.9919543266296387, 'minimap': 0.429075688123703, 'auto_nav': 0.7526407837867737, 'victory': 0.2614736557006836, 'defeat': 0.2614736557006836, 'back': 0.6121485829353333}
[2025-10-28 15:58:20] State change: UNKNOWN -> BATTLE | info={'port': 0.3968777060508728, 'port_disabled': 0.40075019001960754, 'queue': 0.589067816734314, 'score': 0.9919543266296387, 'minimap': 0.429075688123703, 'auto_nav': 0.7526407837867737, 'victory': 0.2614736557006836, 'defeat': 0.2614736557006836, 'back': 0.6121485829353333}
[2025-10-28 15:58:20] [MAIN] 战斗中 - 确保自动导航
[2025-10-28 15:58:20] [DEBUG] [NAV] 自动导航已启用
[2025-10-28 15:58:24] [DEBUG] detect_state values: {'port': 0.3969365060329437, 'port_disabled': 0.40083009004592896, 'queue': 0.5891574621200562, 'score': 0.9908152222633362, 'minimap': 0.43428754806518555, 'auto_nav': 0.8418180346488953, 'victory': 0.2605920732021332, 'defeat': 0.2605920732021332, 'back': 0.6120567321777344}
[2025-10-28 15:58:24] [MAIN] 战斗中 - 确保自动导航
[2025-10-28 15:58:25] [DEBUG] safe_click_screen_abs (971,585)
[2025-10-28 15:58:30] [DEBUG] detect_state values: {'port': 0.4148775041103363, 'port_disabled': 0.40781131386756897, 'queue': 0.5886862874031067, 'score': 0.9928112626075745, 'minimap': 0.4308958947658539, 'auto_nav': 0.7196310758590698, 'victory': 0.2607741355895996, 'defeat': 0.2607741355895996, 'back': 0.6119652986526489}
[2025-10-28 15:58:30] State change: BATTLE -> UNKNOWN | info={'port': 0.4148775041103363, 'port_disabled': 0.40781131386756897, 'queue': 0.5886862874031067, 'score': 0.9928112626075745, 'minimap': 0.4308958947658539, 'auto_nav': 0.7196310758590698, 'victory': 0.2607741355895996, 'defeat': 0.2607741355895996, 'back': 0.6119652986526489}
[2025-10-28 15:58:30] [DEBUG] [MAIN] 未识别状态，继续检测
[2025-10-28 15:58:32] [DEBUG] detect_state values: {'port': 0.3974100947380066, 'port_disabled': 0.40011993050575256, 'queue': 0.5887302160263062, 'score': 0.98722904920578, 'minimap': 0.42607879638671875, 'auto_nav': 0.5818907022476196, 'victory': 0.2611166834831238, 'defeat': 0.2611166834831238, 'back': 0.6114999651908875}
[2025-10-28 15:58:32] [DEBUG] [MAIN] 未识别状态，继续检测
[2025-10-28 15:58:34] [DEBUG] detect_state values: {'port': 0.3970924913883209, 'port_disabled': 0.4009982645511627, 'queue': 0.5892487168312073, 'score': 0.992282509803772, 'minimap': 0.4296882748603821, 'auto_nav': 0.8056665062904358, 'victory': 0.26080122590065, 'defeat': 0.26080122590065, 'back': 0.6115698218345642}
[2025-10-28 15:58:34] State change: UNKNOWN -> BATTLE | info={'port': 0.3970924913883209, 'port_disabled': 0.4009982645511627, 'queue': 0.5892487168312073, 'score': 0.992282509803772, 'minimap': 0.4296882748603821, 'auto_nav': 0.8056665062904358, 'victory': 0.26080122590065, 'defeat': 0.26080122590065, 'back': 0.6115698218345642}
[2025-10-28 15:58:34] [MAIN] 战斗中 - 确保自动导航
[2025-10-28 15:58:34] [DEBUG] [NAV] 自动导航已启用
[2025-10-28 15:58:38] [DEBUG] detect_state values: {'port': 0.4053935408592224, 'port_disabled': 0.4009288251399994, 'queue': 0.5859019756317139, 'score': 0.9913028478622437, 'minimap': 0.41506442427635193, 'auto_nav': 0.780839204788208, 'victory': 0.26005819439888, 'defeat': 0.26005819439888, 'back': 0.6020474433898926}
[2025-10-28 15:58:38] [MAIN] 战斗中 - 确保自动导航
[2025-10-28 15:58:38] [DEBUG] [NAV] 自动导航已启用
[2025-10-28 15:58:42] [DEBUG] detect_state values: {'port': 0.41548994183540344, 'port_disabled': 0.40140825510025024, 'queue': 0.587395191192627, 'score': 0.9914290904998779, 'minimap': 0.42051583528518677, 'auto_nav': 0.8506196141242981, 'victory': 0.2609003186225891, 'defeat': 0.2609003186225891, 'back': 0.5924545526504517}
[2025-10-28 15:58:42] [MAIN] 战斗中 - 确保自动导航
[2025-10-28 15:58:42] [DEBUG] [NAV] 自动导航已启用
[2025-10-28 15:58:43] 收到 Ctrl+C，退出
[2025-10-28 15:58:44] WoWsBot 启动 - 固定模板版本
[2025-10-28 15:58:44] [DEBUG] templates folder exists: G:\autogame\WOWS_BOT\templates
[2025-10-28 15:58:44] 按 f8 切换启动/停止，按 f9 强制退出
[2025-10-28 15:58:47] [HOTKEY] 运行状态切换为：运行中
[2025-10-28 15:58:48] [DEBUG] detect_state values: {'port': 0.4923265278339386, 'port_disabled': 0.4860573709011078, 'queue': 0.5585822463035583, 'score': 0.562852680683136, 'minimap': 0.4184391498565674, 'auto_nav': 0.7918375134468079, 'victory': 0.2609522342681885, 'defeat': 0.2609522342681885, 'back': 0.6087727546691895}
[2025-10-28 15:58:48] State change: None -> BATTLE | info={'port': 0.4923265278339386, 'port_disabled': 0.4860573709011078, 'queue': 0.5585822463035583, 'score': 0.562852680683136, 'minimap': 0.4184391498565674, 'auto_nav': 0.7918375134468079, 'victory': 0.2609522342681885, 'defeat': 0.2609522342681885, 'back': 0.6087727546691895}
[2025-10-28 15:58:48] [MAIN] 战斗中 - 确保自动导航
[2025-10-28 15:58:48] [DEBUG] [NAV] 自动导航已启用
[2025-10-28 15:58:52] [DEBUG] detect_state values: {'port': 0.4138696789741516, 'port_disabled': 0.40082454681396484, 'queue': 0.5421736240386963, 'score': 0.5793267488479614, 'minimap': 0.4249148666858673, 'auto_nav': 0.8422671556472778, 'victory': 0.2602235972881317, 'defeat': 0.2602235972881317, 'back': 0.5664153695106506}
[2025-10-28 15:58:52] [MAIN] 战斗中 - 确保自动导航
[2025-10-28 15:58:52] [DEBUG] [NAV] 自动导航已启用
[2025-10-28 15:58:56] [DEBUG] detect_state values: {'port': 0.4146900773048401, 'port_disabled': 0.4008256494998932, 'queue': 0.6419808864593506, 'score': 0.5951191186904907, 'minimap': 0.4213990271091461, 'auto_nav': 0.6917519569396973, 'victory': 0.2608388364315033, 'defeat': 0.2608388364315033, 'back': 0.5664429664611816}
[2025-10-28 15:58:56] State change: BATTLE -> UNKNOWN | info={'port': 0.4146900773048401, 'port_disabled': 0.4008256494998932, 'queue': 0.6419808864593506, 'score': 0.5951191186904907, 'minimap': 0.4213990271091461, 'auto_nav': 0.6917519569396973, 'victory': 0.2608388364315033, 'defeat': 0.2608388364315033, 'back': 0.5664429664611816}
[2025-10-28 15:58:56] [DEBUG] [MAIN] 未识别状态，继续检测
[2025-10-28 15:58:58] [DEBUG] detect_state values: {'port': 0.41406914591789246, 'port_disabled': 0.40091273188591003, 'queue': 0.5667570233345032, 'score': 0.5663519501686096, 'minimap': 0.41172170639038086, 'auto_nav': 0.8485844135284424, 'victory': 0.2602984607219696, 'defeat': 0.2602984607219696, 'back': 0.5663429498672485}
[2025-10-28 15:58:58] State change: UNKNOWN -> BATTLE | info={'port': 0.41406914591789246, 'port_disabled': 0.40091273188591003, 'queue': 0.5667570233345032, 'score': 0.5663519501686096, 'minimap': 0.41172170639038086, 'auto_nav': 0.8485844135284424, 'victory': 0.2602984607219696, 'defeat': 0.2602984607219696, 'back': 0.5663429498672485}
[2025-10-28 15:58:58] [MAIN] 战斗中 - 确保自动导航
[2025-10-28 15:58:58] [DEBUG] [NAV] 自动导航已启用
[2025-10-28 15:59:02] [DEBUG] detect_state values: {'port': 0.4190538823604584, 'port_disabled': 0.4070546329021454, 'queue': 0.5420413613319397, 'score': 0.6612347960472107, 'minimap': 0.4264183044433594, 'auto_nav': 0.8446465730667114, 'victory': 0.26025715470314026, 'defeat': 0.26025715470314026, 'back': 0.5663862824440002}
[2025-10-28 15:59:02] [MAIN] 战斗中 - 确保自动导航
[2025-10-28 15:59:02] [DEBUG] [NAV] 自动导航已启用
[2025-10-28 15:59:06] [DEBUG] detect_state values: {'port': 0.41931653022766113, 'port_disabled': 0.45252707600593567, 'queue': 0.5463887453079224, 'score': 0.5686447620391846, 'minimap': 0.42657235264778137, 'auto_nav': 0.8430207371711731, 'victory': 0.2604704201221466, 'defeat': 0.2604704201221466, 'back': 0.5667571425437927}
[2025-10-28 15:59:06] [MAIN] 战斗中 - 确保自动导航
[2025-10-28 15:59:06] [DEBUG] [NAV] 自动导航已启用
[2025-10-28 15:59:10] [DEBUG] detect_state values: {'port': 0.41333669424057007, 'port_disabled': 0.40098631381988525, 'queue': 0.5424768328666687, 'score': 0.6268271803855896, 'minimap': 0.4397650361061096, 'auto_nav': 0.8351545929908752, 'victory': 0.26076677441596985, 'defeat': 0.26076677441596985, 'back': 0.5662238597869873}
[2025-10-28 15:59:10] [MAIN] 战斗中 - 确保自动导航
[2025-10-28 15:59:10] [DEBUG] [NAV] 自动导航已启用
[2025-10-28 15:59:14] [DEBUG] detect_state values: {'port': 0.4137890636920929, 'port_disabled': 0.40148085355758667, 'queue': 0.5428546071052551, 'score': 0.6044925451278687, 'minimap': 0.43277332186698914, 'auto_nav': 0.8127121925354004, 'victory': 0.2514040768146515, 'defeat': 0.2514040768146515, 'back': 0.5667532086372375}
[2025-10-28 15:59:14] [MAIN] 战斗中 - 确保自动导航
[2025-10-28 15:59:15] [DEBUG] safe_click_screen_abs (971,585)
[2025-10-28 15:59:20] [DEBUG] detect_state values: {'port': 0.4132743179798126, 'port_disabled': 0.40118545293807983, 'queue': 0.5790241956710815, 'score': 0.602289617061615, 'minimap': 0.4382002055644989, 'auto_nav': 0.832338809967041, 'victory': 0.24555173516273499, 'defeat': 0.24555173516273499, 'back': 0.5663456916809082}
[2025-10-28 15:59:20] [MAIN] 战斗中 - 确保自动导航
[2025-10-28 15:59:20] [DEBUG] [NAV] 自动导航已启用
[2025-10-28 15:59:21] 收到 Ctrl+C，退出
